<?xml version="1.0" encoding="UTF-8"?>
<testng-results ignored="0" total="2" passed="2" failed="0" skipped="0">
  <reporter-output>
  </reporter-output>
  <suite started-at="2025-12-29T15:32:32 IST" name="Test Suite" finished-at="2025-12-29T15:32:51 IST" duration-ms="18917">
    <groups>
    </groups>
    <test started-at="2025-12-29T15:32:32 IST" name="All Tests" finished-at="2025-12-29T15:32:51 IST" duration-ms="18917">
      <class name="automationexercise">
        <test-method is-config="true" signature="setup()[pri:0, instance:automationexercise@6f96c77]" started-at="2025-12-29T15:32:32 IST" name="setup" finished-at="2025-12-29T15:32:34 IST" duration-ms="2196" status="PASS">
          <reporter-output>
          </reporter-output>
        </test-method> <!-- setup -->
        <test-method signature="verifyTitle()[pri:0, instance:automationexercise@6f96c77]" started-at="2025-12-29T15:32:34 IST" name="verifyTitle" description="Verify Title of Dashboard page" finished-at="2025-12-29T15:32:38 IST" duration-ms="3779" status="PASS">
          <reporter-output>
          </reporter-output>
        </test-method> <!-- verifyTitle -->
        <test-method is-config="true" signature="tearDown()[pri:0, instance:automationexercise@6f96c77]" started-at="2025-12-29T15:32:38 IST" name="tearDown" finished-at="2025-12-29T15:32:39 IST" duration-ms="575" status="PASS">
          <reporter-output>
          </reporter-output>
        </test-method> <!-- tearDown -->
        <test-method is-config="true" signature="setup()[pri:0, instance:automationexercise@6f96c77]" started-at="2025-12-29T15:32:39 IST" name="setup" finished-at="2025-12-29T15:32:40 IST" duration-ms="1177" status="PASS">
          <reporter-output>
          </reporter-output>
        </test-method> <!-- setup -->
        <test-method signature="verifyTitle22()[pri:0, instance:automationexercise@6f96c77]" started-at="2025-12-29T15:32:40 IST" name="verifyTitle22" description="scroll" finished-at="2025-12-29T15:32:51 IST" duration-ms="10828" status="PASS">
          <reporter-output>
          </reporter-output>
        </test-method> <!-- verifyTitle22 -->
        <test-method is-config="true" signature="tearDown()[pri:0, instance:automationexercise@6f96c77]" started-at="2025-12-29T15:32:51 IST" name="tearDown" finished-at="2025-12-29T15:32:51 IST" duration-ms="291" status="PASS">
          <reporter-output>
          </reporter-output>
        </test-method> <!-- tearDown -->
      </class> <!-- automationexercise -->
    </test> <!-- All Tests -->
  </suite> <!-- Test Suite -->
</testng-results>
