<?xml version="1.0" encoding="UTF-8"?>
<testng-results ignored="0" total="2" passed="2" failed="0" skipped="0">
  <reporter-output>
  </reporter-output>
  <suite started-at="2025-12-29T14:33:41 IST" name="Test Suite" finished-at="2025-12-29T14:34:06 IST" duration-ms="25596">
    <groups>
    </groups>
    <test started-at="2025-12-29T14:33:41 IST" name="All Tests" finished-at="2025-12-29T14:34:06 IST" duration-ms="25596">
      <class name="automationexercise">
        <test-method is-config="true" signature="setup()[pri:0, instance:automationexercise@6f96c77]" started-at="2025-12-29T14:33:41 IST" name="setup" finished-at="2025-12-29T14:33:45 IST" duration-ms="4146" status="PASS">
          <reporter-output>
          </reporter-output>
        </test-method> <!-- setup -->
        <test-method signature="verifyTitle()[pri:0, instance:automationexercise@6f96c77]" started-at="2025-12-29T14:33:45 IST" name="verifyTitle" description="Verify Title of Dashboard page" finished-at="2025-12-29T14:33:48 IST" duration-ms="3168" status="PASS">
          <reporter-output>
          </reporter-output>
        </test-method> <!-- verifyTitle -->
        <test-method is-config="true" signature="tearDown()[pri:0, instance:automationexercise@6f96c77]" started-at="2025-12-29T14:33:48 IST" name="tearDown" finished-at="2025-12-29T14:33:48 IST" duration-ms="215" status="PASS">
          <reporter-output>
          </reporter-output>
        </test-method> <!-- tearDown -->
        <test-method is-config="true" signature="setup()[pri:0, instance:automationexercise@6f96c77]" started-at="2025-12-29T14:33:48 IST" name="setup" finished-at="2025-12-29T14:33:49 IST" duration-ms="1043" status="PASS">
          <reporter-output>
          </reporter-output>
        </test-method> <!-- setup -->
        <test-method signature="verifyTitle22()[pri:0, instance:automationexercise@6f96c77]" started-at="2025-12-29T14:33:49 IST" name="verifyTitle22" description="scroll" finished-at="2025-12-29T14:34:06 IST" duration-ms="16688" status="PASS">
          <reporter-output>
          </reporter-output>
        </test-method> <!-- verifyTitle22 -->
        <test-method is-config="true" signature="tearDown()[pri:0, instance:automationexercise@6f96c77]" started-at="2025-12-29T14:34:06 IST" name="tearDown" finished-at="2025-12-29T14:34:06 IST" duration-ms="259" status="PASS">
          <reporter-output>
          </reporter-output>
        </test-method> <!-- tearDown -->
      </class> <!-- automationexercise -->
    </test> <!-- All Tests -->
  </suite> <!-- Test Suite -->
</testng-results>
