<?xml version="1.0" encoding="UTF-8"?>
<testng-results ignored="0" total="1" passed="1" failed="0" skipped="0">
  <reporter-output>
  </reporter-output>
  <suite started-at="2025-12-12T18:45:30 IST" name="Default suite" finished-at="2025-12-12T18:46:01 IST" duration-ms="30719">
    <groups>
    </groups>
    <test started-at="2025-12-12T18:45:30 IST" name="Default test" finished-at="2025-12-12T18:46:01 IST" duration-ms="30719">
      <class name="t">
        <test-method is-config="true" signature="setup()[pri:0, instance:t@443118b0]" started-at="2025-12-12T18:45:30 IST" name="setup" finished-at="2025-12-12T18:45:32 IST" duration-ms="2288" status="PASS">
          <reporter-output>
          </reporter-output>
        </test-method> <!-- setup -->
        <test-method signature="verifyTitle22()[pri:0, instance:t@443118b0]" started-at="2025-12-12T18:45:32 IST" name="verifyTitle22" description="scroll" finished-at="2025-12-12T18:46:01 IST" duration-ms="28372" status="PASS">
          <reporter-output>
          </reporter-output>
        </test-method> <!-- verifyTitle22 -->
        <test-method is-config="true" signature="tearDown()[pri:0, instance:t@443118b0]" started-at="2025-12-12T18:46:01 IST" name="tearDown" finished-at="2025-12-12T18:46:01 IST" duration-ms="0" status="PASS">
          <reporter-output>
          </reporter-output>
        </test-method> <!-- tearDown -->
      </class> <!-- t -->
    </test> <!-- Default test -->
  </suite> <!-- Default suite -->
</testng-results>
